<?xml version="1.0" encoding="UTF-8"?>
<testsuite name="org.eclipse.ice.viz.service.geometry.shapes.test.PrimitiveShapeTester" time="0.263" tests="8" errors="0" skipped="0" failures="0">
  <properties>
    <property name="java.vendor" value="Oracle Corporation"/>
    <property name="osgi.bundles.defaultStartLevel" value="4"/>
    <property name="sun.java.launcher" value="SUN_STANDARD"/>
    <property name="org.osgi.supports.framework.extension" value="true"/>
    <property name="sun.management.compiler" value="HotSpot 64-Bit Tiered Compilers"/>
    <property name="os.name" value="Windows 7"/>
    <property name="sun.boot.class.path" value="C:\Program Files\Java\jdk1.8.0_45\jre\lib\resources.jar;C:\Program Files\Java\jdk1.8.0_45\jre\lib\rt.jar;C:\Program Files\Java\jdk1.8.0_45\jre\lib\sunrsasign.jar;C:\Program Files\Java\jdk1.8.0_45\jre\lib\jsse.jar;C:\Program Files\Java\jdk1.8.0_45\jre\lib\jce.jar;C:\Program Files\Java\jdk1.8.0_45\jre\lib\charsets.jar;C:\Program Files\Java\jdk1.8.0_45\jre\lib\jfr.jar;C:\Program Files\Java\jdk1.8.0_45\jre\classes"/>
    <property name="osgi.ws" value="win32"/>
    <property name="sun.desktop" value="windows"/>
    <property name="java.vm.specification.vendor" value="Oracle Corporation"/>
    <property name="java.runtime.version" value="1.8.0_45-b15"/>
    <property name="osgi.instance.area" value="file:/C:/Users/r8s/workspace/ice/tests/org.eclipse.ice.viz.service.geometry.test/target/work/data/"/>
    <property name="org.osgi.framework.uuid" value="40a664af-ce36-0015-1728-b88737e60a96"/>
    <property name="osgi.noShutdown" value="false"/>
    <property name="user.name" value="r8s"/>
    <property name="org.osgi.framework.system.packages" value="javax.accessibility,javax.activation,javax.activity,javax.annotation,javax.annotation.processing,javax.crypto,javax.crypto.interfaces,javax.crypto.spec,javax.imageio,javax.imageio.event,javax.imageio.metadata,javax.imageio.plugins.bmp,javax.imageio.plugins.jpeg,javax.imageio.spi,javax.imageio.stream,javax.jws,javax.jws.soap,javax.lang.model,javax.lang.model.element,javax.lang.model.type,javax.lang.model.util,javax.management,javax.management.loading,javax.management.modelmbean,javax.management.monitor,javax.management.openmbean,javax.management.relation,javax.management.remote,javax.management.remote.rmi,javax.management.timer,javax.naming,javax.naming.directory,javax.naming.event,javax.naming.ldap,javax.naming.spi,javax.net,javax.net.ssl,javax.print,javax.print.attribute,javax.print.attribute.standard,javax.print.event,javax.rmi,javax.rmi.CORBA,javax.rmi.ssl,javax.script,javax.security.auth,javax.security.auth.callback,javax.security.auth.kerberos,javax.security.auth.login,javax.security.auth.spi,javax.security.auth.x500,javax.security.cert,javax.security.sasl,javax.sound.midi,javax.sound.midi.spi,javax.sound.sampled,javax.sound.sampled.spi,javax.sql,javax.sql.rowset,javax.sql.rowset.serial,javax.sql.rowset.spi,javax.swing,javax.swing.border,javax.swing.colorchooser,javax.swing.event,javax.swing.filechooser,javax.swing.plaf,javax.swing.plaf.basic,javax.swing.plaf.metal,javax.swing.plaf.multi,javax.swing.plaf.nimbus,javax.swing.plaf.synth,javax.swing.table,javax.swing.text,javax.swing.text.html,javax.swing.text.html.parser,javax.swing.text.rtf,javax.swing.tree,javax.swing.undo,javax.tools,javax.transaction,javax.transaction.xa,javax.xml,javax.xml.bind,javax.xml.bind.annotation,javax.xml.bind.annotation.adapters,javax.xml.bind.attachment,javax.xml.bind.helpers,javax.xml.bind.util,javax.xml.crypto,javax.xml.crypto.dom,javax.xml.crypto.dsig,javax.xml.crypto.dsig.dom,javax.xml.crypto.dsig.keyinfo,javax.xml.crypto.dsig.spec,javax.xml.datatype,javax.xml.namespace,javax.xml.parsers,javax.xml.soap,javax.xml.stream,javax.xml.stream.events,javax.xml.stream.util,javax.xml.transform,javax.xml.transform.dom,javax.xml.transform.sax,javax.xml.transform.stax,javax.xml.transform.stream,javax.xml.validation,javax.xml.ws,javax.xml.ws.handler,javax.xml.ws.handler.soap,javax.xml.ws.http,javax.xml.ws.soap,javax.xml.ws.spi,javax.xml.ws.spi.http,javax.xml.ws.wsaddressing,javax.xml.xpath,org.ietf.jgss,org.omg.CORBA,org.omg.CORBA_2_3,org.omg.CORBA_2_3.portable,org.omg.CORBA.DynAnyPackage,org.omg.CORBA.ORBPackage,org.omg.CORBA.portable,org.omg.CORBA.TypeCodePackage,org.omg.CosNaming,org.omg.CosNaming.NamingContextExtPackage,org.omg.CosNaming.NamingContextPackage,org.omg.Dynamic,org.omg.DynamicAny,org.omg.DynamicAny.DynAnyFactoryPackage,org.omg.DynamicAny.DynAnyPackage,org.omg.IOP,org.omg.IOP.CodecFactoryPackage,org.omg.IOP.CodecPackage,org.omg.Messaging,org.omg.PortableInterceptor,org.omg.PortableInterceptor.ORBInitInfoPackage,org.omg.PortableServer,org.omg.PortableServer.CurrentPackage,org.omg.PortableServer.POAManagerPackage,org.omg.PortableServer.POAPackage,org.omg.PortableServer.portable,org.omg.PortableServer.ServantLocatorPackage,org.omg.SendingContext,org.omg.stub.java.rmi,org.w3c.dom,org.w3c.dom.bootstrap,org.w3c.dom.css,org.w3c.dom.events,org.w3c.dom.html,org.w3c.dom.ls,org.w3c.dom.ranges,org.w3c.dom.stylesheets,org.w3c.dom.traversal,org.w3c.dom.views,org.w3c.dom.xpath,org.xml.sax,org.xml.sax.ext,org.xml.sax.helpers"/>
    <property name="equinox.use.ds" value="true"/>
    <property name="org.osgi.framework.language" value="en"/>
    <property name="user.language" value="en"/>
    <property name="org.osgi.framework.processor" value="x86-64"/>
    <property name="osgi.syspath" value="c:\Users\r8s\.m2\repository\p2\osgi\bundle\org.eclipse.osgi\3.10.100.v20150529-1857"/>
    <property name="sun.boot.library.path" value="C:\Program Files\Java\jdk1.8.0_45\jre\bin"/>
    <property name="org.osgi.framework.system.capabilities" value="osgi.ee; osgi.ee=&quot;OSGi/Minimum&quot;; version:List&lt;Version&gt;=&quot;1.0, 1.1, 1.2&quot;,osgi.ee; osgi.ee=&quot;JRE&quot;; version:List&lt;Version&gt;=&quot;1.0, 1.1&quot;,osgi.ee; osgi.ee=&quot;JavaSE&quot;; version:List&lt;Version&gt;=&quot;1.0, 1.1, 1.2, 1.3, 1.4, 1.5, 1.6, 1.7, 1.8&quot;,osgi.ee; osgi.ee=&quot;JavaSE/compact1&quot;; version:List&lt;Version&gt;=&quot;1.8&quot;,osgi.ee; osgi.ee=&quot;JavaSE/compact2&quot;; version:List&lt;Version&gt;=&quot;1.8&quot;,osgi.ee; osgi.ee=&quot;JavaSE/compact3&quot;; version:List&lt;Version&gt;=&quot;1.8&quot;"/>
    <property name="osgi.compatibility.bootdelegation" value="true"/>
    <property name="java.version" value="1.8.0_45"/>
    <property name="org.osgi.framework.os.name" value="Windows7"/>
    <property name="user.timezone" value="America/New_York"/>
    <property name="sun.arch.data.model" value="64"/>
    <property name="osgi.bundles" value="reference:file:C:/Users/r8s/.m2/repository/p2/osgi/bundle/ca.odell.glazedlists/1.9.0.v201303080712/ca.odell.glazedlists-1.9.0.v201303080712.jar,reference:file:C:/Users/r8s/.m2/repository/p2/osgi/bundle/com.jcraft.jsch/0.1.51.v201410302000/com.jcraft.jsch-0.1.51.v201410302000.jar,reference:file:C:/Users/r8s/.m2/repository/p2/osgi/bundle/com.sun.jersey/1.17.0.v20130314-2020/com.sun.jersey-1.17.0.v20130314-2020.jar,reference:file:C:/Users/r8s/.m2/repository/p2/osgi/bundle/javax.ws.rs/1.1.1.v20130318-1750/javax.ws.rs-1.1.1.v20130318-1750.jar,reference:file:C:/Users/r8s/.m2/repository/p2/osgi/bundle/javax.xml/1.3.4.v201005080400/javax.xml-1.3.4.v201005080400.jar,reference:file:C:/Users/r8s/workspace/visit_java_client/gov.lbnl.visit.swt/target/gov.lbnl.visit.swt-2.0.0.jar,reference:file:C:/Users/r8s/.m2/repository/p2/osgi/bundle/org.eclipse.swt/3.104.0.v20150528-0211/org.eclipse.swt-3.104.0.v20150528-0211.jar,reference:file:C:/Users/r8s/.m2/repository/p2/osgi/bundle/org.eclipse.jface/3.11.0.v20150602-1400/org.eclipse.jface-3.11.0.v20150602-1400.jar,reference:file:C:/Users/r8s/.m2/repository/p2/osgi/bundle/org.eclipse.core.runtime/3.11.0.v20150405-1723/org.eclipse.core.runtime-3.11.0.v20150405-1723.jar@4:start,reference:file:C:/Users/r8s/.m2/repository/p2/osgi/bundle/com.google.gson/2.2.4.v201311231704/com.google.gson-2.2.4.v201311231704.jar,reference:file:C:/Users/r8s/.m2/repository/p2/osgi/bundle/javax.annotation/1.2.0.v201401042248/javax.annotation-1.2.0.v201401042248.jar,reference:file:C:/Users/r8s/.m2/repository/p2/osgi/bundle/javax.servlet/3.1.0.v201410161800/javax.servlet-3.1.0.v201410161800.jar,reference:file:C:/Users/r8s/.m2/repository/p2/osgi/bundle/org.w3c.dom.svg/1.1.0.v201011041433/org.w3c.dom.svg-1.1.0.v201011041433.jar,reference:file:C:/Users/r8s/.m2/repository/p2/osgi/bundle/org.w3c.css.sac/1.3.1.v200903091627/org.w3c.css.sac-1.3.1.v200903091627.jar,reference:file:C:/Users/r8s/.m2/repository/p2/osgi/bundle/org.apache.batik.css/1.7.0.v201011041433/org.apache.batik.css-1.7.0.v201011041433.jar,reference:file:C:/Users/r8s/.m2/repository/p2/osgi/bundle/org.apache.batik.util/1.7.0.v201011041433/org.apache.batik.util-1.7.0.v201011041433.jar,reference:file:C:/Users/r8s/.m2/repository/p2/osgi/bundle/org.w3c.dom.events/3.0.0.draft20060413_v201105210656/org.w3c.dom.events-3.0.0.draft20060413_v201105210656.jar,reference:file:C:/Users/r8s/.m2/repository/p2/osgi/bundle/org.w3c.dom.smil/1.0.1.v200903091627/org.w3c.dom.smil-1.0.1.v200903091627.jar,reference:file:C:/Users/r8s/.m2/repository/p2/osgi/bundle/org.apache.batik.util.gui/1.7.0.v200903091627/org.apache.batik.util.gui-1.7.0.v200903091627.jar,reference:file:C:/Users/r8s/.m2/repository/p2/osgi/bundle/org.apache.commons.beanutils/1.8.0.v201205091237/org.apache.commons.beanutils-1.8.0.v201205091237.jar,reference:file:C:/Users/r8s/.m2/repository/p2/osgi/bundle/org.apache.commons.collections/3.2.0.v2013030210310/org.apache.commons.collections-3.2.0.v2013030210310.jar,reference:file:C:/Users/r8s/.m2/repository/p2/osgi/bundle/org.apache.commons.logging/1.1.1.v201101211721/org.apache.commons.logging-1.1.1.v201101211721.jar,reference:file:C:/Users/r8s/.m2/repository/p2/osgi/bundle/org.eclipse.osgi.services/3.5.0.v20150519-2006/org.eclipse.osgi.services-3.5.0.v20150519-2006.jar,reference:file:C:/Users/r8s/.m2/repository/p2/osgi/bundle/org.eclipse.cdt.core.native/5.8.0.201506070905/org.eclipse.cdt.core.native-5.8.0.201506070905.jar,reference:file:C:/Users/r8s/.m2/repository/p2/osgi/bundle/org.eclipse.compare/3.5.600.v20150420-1449/org.eclipse.compare-3.5.600.v20150420-1449.jar,reference:file:C:/Users/r8s/.m2/repository/p2/osgi/bundle/org.eclipse.ui/3.107.0.v20150507-1945/org.eclipse.ui-3.107.0.v20150507-1945.jar,reference:file:C:/Users/r8s/.m2/repository/p2/osgi/bundle/org.eclipse.core.resources/3.10.0.v20150423-0755/org.eclipse.core.resources-3.10.0.v20150423-0755.jar,reference:file:C:/Users/r8s/.m2/repository/p2/osgi/bundle/org.eclipse.jface.text/3.10.0.v20150603-1752/org.eclipse.jface.text-3.10.0.v20150603-1752.jar,reference:file:C:/Users/r8s/.m2/repository/p2/osgi/bundle/org.eclipse.ui.ide/3.11.0.v20150510-1749/org.eclipse.ui.ide-3.11.0.v20150510-1749.jar,reference:file:C:/Users/r8s/.m2/repository/p2/osgi/bundle/org.eclipse.ui.views/3.8.0.v20150422-0725/org.eclipse.ui.views-3.8.0.v20150422-0725.jar,reference:file:C:/Users/r8s/.m2/repository/p2/osgi/bundle/org.eclipse.ui.workbench.texteditor/3.9.100.v20141023-1946/org.eclipse.ui.workbench.texteditor-3.9.100.v20141023-1946.jar,reference:file:C:/Users/r8s/.m2/repository/p2/osgi/bundle/org.eclipse.core.expressions/3.5.0.v20150421-2214/org.eclipse.core.expressions-3.5.0.v20150421-2214.jar,reference:file:C:/Users/r8s/.m2/repository/p2/osgi/bundle/org.eclipse.ui.editors/3.9.0.v20150213-1939/org.eclipse.ui.editors-3.9.0.v20150213-1939.jar,reference:file:C:/Users/r8s/.m2/repository/p2/osgi/bundle/org.eclipse.ui.forms/3.6.200.v20150506-2029/org.eclipse.ui.forms-3.6.200.v20150506-2029.jar,reference:file:C:/Users/r8s/.m2/repository/p2/osgi/bundle/org.eclipse.compare.core/3.5.500.v20150505-1058/org.eclipse.compare.core-3.5.500.v20150505-1058.jar,reference:file:C:/Users/r8s/.m2/repository/p2/osgi/bundle/com.ibm.icu/54.1.1.v201501272100/com.ibm.icu-54.1.1.v201501272100.jar,reference:file:C:/Users/r8s/.m2/repository/p2/osgi/bundle/org.eclipse.core.commands/3.7.0.v20150422-0725/org.eclipse.core.commands-3.7.0.v20150422-0725.jar,reference:file:C:/Users/r8s/.m2/repository/p2/osgi/bundle/org.eclipse.equinox.common/3.7.0.v20150402-1709/org.eclipse.equinox.common-3.7.0.v20150402-1709.jar@2:start,reference:file:C:/Users/r8s/.m2/repository/p2/osgi/bundle/org.eclipse.core.contenttype/3.5.0.v20150421-2214/org.eclipse.core.contenttype-3.5.0.v20150421-2214.jar,reference:file:C:/Users/r8s/.m2/repository/p2/osgi/bundle/org.eclipse.equinox.preferences/3.5.300.v20150408-1437/org.eclipse.equinox.preferences-3.5.300.v20150408-1437.jar,reference:file:C:/Users/r8s/.m2/repository/p2/osgi/bundle/org.eclipse.equinox.registry/3.6.0.v20150318-1503/org.eclipse.equinox.registry-3.6.0.v20150318-1503.jar,reference:file:C:/Users/r8s/.m2/repository/p2/osgi/bundle/org.eclipse.core.databinding/1.5.0.v20150422-0725/org.eclipse.core.databinding-1.5.0.v20150422-0725.jar,reference:file:C:/Users/r8s/.m2/repository/p2/osgi/bundle/org.eclipse.core.databinding.observable/1.5.0.v20150422-0725/org.eclipse.core.databinding.observable-1.5.0.v20150422-0725.jar,reference:file:C:/Users/r8s/.m2/repository/p2/osgi/bundle/org.eclipse.core.databinding.property/1.5.0.v20150422-0725/org.eclipse.core.databinding.property-1.5.0.v20150422-0725.jar,reference:file:C:/Users/r8s/.m2/repository/p2/osgi/bundle/org.eclipse.core.filebuffers/3.5.500.v20140723-1040/org.eclipse.core.filebuffers-3.5.500.v20140723-1040.jar,reference:file:C:/Users/r8s/.m2/repository/p2/osgi/bundle/org.eclipse.text/3.5.400.v20150505-1044/org.eclipse.text-3.5.400.v20150505-1044.jar,reference:file:C:/Users/r8s/.m2/repository/p2/osgi/bundle/org.eclipse.core.filesystem/1.5.0.v20150421-0713/org.eclipse.core.filesystem-1.5.0.v20150421-0713.jar,reference:file:C:/Users/r8s/.m2/repository/p2/osgi/bundle/org.eclipse.core.jobs/3.7.0.v20150330-2103/org.eclipse.core.jobs-3.7.0.v20150330-2103.jar,reference:file:C:/Users/r8s/.m2/repository/p2/osgi/bundle/org.eclipse.core.net/1.2.300.v20141118-1725/org.eclipse.core.net-1.2.300.v20141118-1725.jar,reference:file:C:/Users/r8s/.m2/repository/p2/osgi/bundle/org.eclipse.equinox.security/1.2.100.v20150423-1356/org.eclipse.equinox.security-1.2.100.v20150423-1356.jar,reference:file:C:/Users/r8s/.m2/repository/p2/osgi/bundle/org.eclipse.equinox.app/1.3.300.v20150423-1356/org.eclipse.equinox.app-1.3.300.v20150423-1356.jar,reference:file:C:/Users/r8s/.m2/repository/p2/osgi/bundle/org.eclipse.core.variables/3.2.800.v20130819-1716/org.eclipse.core.variables-3.2.800.v20130819-1716.jar,reference:file:C:/Users/r8s/.m2/repository/p2/osgi/bundle/org.eclipse.debug.core/3.10.0.v20150303-1130/org.eclipse.debug.core-3.10.0.v20150303-1130.jar,reference:file:C:/Users/r8s/.m2/repository/p2/osgi/bundle/org.eclipse.draw2d/3.10.0.201506010206/org.eclipse.draw2d-3.10.0.201506010206.jar,reference:file:C:/Users/r8s/.m2/repository/p2/osgi/bundle/org.eclipse.e4.core.commands/0.11.0.v20150422-0725/org.eclipse.e4.core.commands-0.11.0.v20150422-0725.jar,reference:file:C:/Users/r8s/.m2/repository/p2/osgi/bundle/org.eclipse.e4.core.di/1.5.0.v20150421-2214/org.eclipse.e4.core.di-1.5.0.v20150421-2214.jar,reference:file:C:/Users/r8s/.m2/repository/p2/osgi/bundle/javax.inject/1.0.0.v20091030/javax.inject-1.0.0.v20091030.jar,reference:file:C:/Users/r8s/.m2/repository/p2/osgi/bundle/org.eclipse.e4.core.contexts/1.4.0.v20150421-2214/org.eclipse.e4.core.contexts-1.4.0.v20150421-2214.jar,reference:file:C:/Users/r8s/.m2/repository/p2/osgi/bundle/org.eclipse.e4.core.services/2.0.0.v20150403-1912/org.eclipse.e4.core.services-2.0.0.v20150403-1912.jar,reference:file:C:/Users/r8s/.m2/repository/p2/osgi/bundle/org.eclipse.e4.core.di.annotations/1.4.0.v20150528-1451/org.eclipse.e4.core.di.annotations-1.4.0.v20150528-1451.jar,reference:file:C:/Users/r8s/.m2/repository/p2/osgi/bundle/org.eclipse.e4.core.di.extensions/0.13.0.v20150421-2214/org.eclipse.e4.core.di.extensions-0.13.0.v20150421-2214.jar,reference:file:C:/Users/r8s/.m2/repository/p2/osgi/bundle/org.eclipse.e4.emf.xpath/0.1.100.v20150513-0856/org.eclipse.e4.emf.xpath-0.1.100.v20150513-0856.jar,reference:file:C:/Users/r8s/.m2/repository/p2/osgi/bundle/org.apache.commons.jxpath/1.3.0.v200911051830/org.apache.commons.jxpath-1.3.0.v200911051830.jar,reference:file:C:/Users/r8s/.m2/repository/p2/osgi/bundle/org.eclipse.emf.ecore/2.11.0.v20150512-0501/org.eclipse.emf.ecore-2.11.0.v20150512-0501.jar,reference:file:C:/Users/r8s/.m2/repository/p2/osgi/bundle/org.eclipse.e4.ui.bindings/0.11.0.v20150422-0725/org.eclipse.e4.ui.bindings-0.11.0.v20150422-0725.jar,reference:file:C:/Users/r8s/.m2/repository/p2/osgi/bundle/org.eclipse.e4.ui.css.core/0.11.0.v20150511-1937/org.eclipse.e4.ui.css.core-0.11.0.v20150511-1937.jar,reference:file:C:/Users/r8s/.m2/repository/p2/osgi/bundle/org.eclipse.e4.ui.css.swt/0.12.0.v20150511-1003/org.eclipse.e4.ui.css.swt-0.12.0.v20150511-1003.jar,reference:file:C:/Users/r8s/.m2/repository/p2/osgi/bundle/org.eclipse.e4.ui.css.swt.theme/0.10.0.v20150422-0725/org.eclipse.e4.ui.css.swt.theme-0.10.0.v20150422-0725.jar,reference:file:C:/Users/r8s/.m2/repository/p2/osgi/bundle/org.eclipse.e4.ui.di/1.1.0.v20150422-0725/org.eclipse.e4.ui.di-1.1.0.v20150422-0725.jar,reference:file:C:/Users/r8s/.m2/repository/p2/osgi/bundle/org.eclipse.e4.ui.model.workbench/1.1.100.v20150407-1430/org.eclipse.e4.ui.model.workbench-1.1.100.v20150407-1430.jar,reference:file:C:/Users/r8s/.m2/repository/p2/osgi/bundle/org.eclipse.e4.ui.services/1.2.0.v20150422-0725/org.eclipse.e4.ui.services-1.2.0.v20150422-0725.jar,reference:file:C:/Users/r8s/.m2/repository/p2/osgi/bundle/org.eclipse.e4.ui.widgets/1.1.0.v20150427-1751/org.eclipse.e4.ui.widgets-1.1.0.v20150427-1751.jar,reference:file:C:/Users/r8s/.m2/repository/p2/osgi/bundle/org.eclipse.e4.ui.workbench/1.3.0.v20150531-1948/org.eclipse.e4.ui.workbench-1.3.0.v20150531-1948.jar,reference:file:C:/Users/r8s/.m2/repository/p2/osgi/bundle/org.eclipse.emf.ecore.change/2.11.0.v20150512-0501/org.eclipse.emf.ecore.change-2.11.0.v20150512-0501.jar,reference:file:C:/Users/r8s/.m2/repository/p2/osgi/bundle/org.eclipse.emf.ecore.xmi/2.11.0.v20150512-0501/org.eclipse.emf.ecore.xmi-2.11.0.v20150512-0501.jar,reference:file:C:/Users/r8s/.m2/repository/p2/osgi/bundle/org.eclipse.e4.ui.workbench.addons.swt/1.2.0.v20150512-1414/org.eclipse.e4.ui.workbench.addons.swt-1.2.0.v20150512-1414.jar,reference:file:C:/Users/r8s/.m2/repository/p2/osgi/bundle/org.eclipse.e4.ui.workbench.renderers.swt/0.13.0.v20150603-0857/org.eclipse.e4.ui.workbench.renderers.swt-0.13.0.v20150603-0857.jar,reference:file:C:/Users/r8s/.m2/repository/p2/osgi/bundle/org.eclipse.e4.ui.workbench.swt/0.13.0.v20150504-0621/org.eclipse.e4.ui.workbench.swt-0.13.0.v20150504-0621.jar,reference:file:C:/Users/r8s/.m2/repository/p2/osgi/bundle/org.eclipse.jface.databinding/1.7.0.v20150406-2148/org.eclipse.jface.databinding-1.7.0.v20150406-2148.jar,reference:file:C:/Users/r8s/.m2/repository/p2/osgi/bundle/org.eclipse.e4.ui.workbench3/0.13.0.v20150422-0725/org.eclipse.e4.ui.workbench3-0.13.0.v20150422-0725.jar,reference:file:C:/Users/r8s/.m2/repository/p2/osgi/bundle/org.eclipse.equinox.ds/1.4.300.v20150423-1356/org.eclipse.equinox.ds-1.4.300.v20150423-1356.jar@1:start,reference:file:C:/Users/r8s/.m2/repository/p2/osgi/bundle/org.eclipse.emf.common/2.11.0.v20150512-0501/org.eclipse.emf.common-2.11.0.v20150512-0501.jar,reference:file:C:/Users/r8s/.m2/repository/p2/osgi/bundle/org.eclipse.equinox.bidi/0.10.0.v20130327-1442/org.eclipse.equinox.bidi-0.10.0.v20130327-1442.jar,reference:file:C:/Users/r8s/.m2/repository/p2/osgi/bundle/org.eclipse.equinox.util/1.0.500.v20130404-1337/org.eclipse.equinox.util-1.0.500.v20130404-1337.jar,reference:file:C:/Users/r8s/.m2/repository/p2/osgi/bundle/org.eclipse.equinox.http.jetty/3.1.0.v20150323-1312/org.eclipse.equinox.http.jetty-3.1.0.v20150323-1312.jar,reference:file:C:/Users/r8s/.m2/repository/p2/osgi/bundle/org.eclipse.equinox.http.servlet/1.2.0.v20150519-1816/org.eclipse.equinox.http.servlet-1.2.0.v20150519-1816.jar,reference:file:C:/Users/r8s/.m2/repository/p2/osgi/bundle/org.eclipse.jetty.http/9.2.9.v20150224/org.eclipse.jetty.http-9.2.9.v20150224.jar,reference:file:C:/Users/r8s/.m2/repository/p2/osgi/bundle/org.eclipse.jetty.server/9.2.9.v20150224/org.eclipse.jetty.server-9.2.9.v20150224.jar,reference:file:C:/Users/r8s/.m2/repository/p2/osgi/bundle/org.eclipse.jetty.servlet/9.2.9.v20150224/org.eclipse.jetty.servlet-9.2.9.v20150224.jar,reference:file:C:/Users/r8s/.m2/repository/p2/osgi/bundle/org.eclipse.jetty.util/9.2.9.v20150224/org.eclipse.jetty.util-9.2.9.v20150224.jar,reference:file:C:/Users/r8s/.m2/repository/p2/osgi/bundle/org.eclipse.equinox.http.registry/1.1.300.v20130402-1529/org.eclipse.equinox.http.registry-1.1.300.v20130402-1529.jar,reference:file:C:/Users/r8s/.m2/repository/p2/osgi/bundle/org.eclipse.equinox.p2.core/2.4.0.v20150527-1706/org.eclipse.equinox.p2.core-2.4.0.v20150527-1706.jar,reference:file:C:/Users/r8s/.m2/repository/p2/osgi/bundle/org.eclipse.equinox.p2.engine/2.4.0.v20150511-1532/org.eclipse.equinox.p2.engine-2.4.0.v20150511-1532.jar,reference:file:C:/Users/r8s/.m2/repository/p2/osgi/bundle/org.eclipse.equinox.p2.metadata/2.3.0.v20150511-1532/org.eclipse.equinox.p2.metadata-2.3.0.v20150511-1532.jar,reference:file:C:/Users/r8s/.m2/repository/p2/osgi/bundle/org.eclipse.equinox.p2.metadata.repository/1.2.200.v20150428-1613/org.eclipse.equinox.p2.metadata.repository-1.2.200.v20150428-1613.jar,reference:file:C:/Users/r8s/.m2/repository/p2/osgi/bundle/org.eclipse.equinox.p2.repository/2.3.100.v20150428-1613/org.eclipse.equinox.p2.repository-2.3.100.v20150428-1613.jar,reference:file:C:/Users/r8s/.m2/repository/p2/osgi/bundle/org.tukaani.xz/1.3.0.v201308270617/org.tukaani.xz-1.3.0.v201308270617.jar,reference:file:C:/Users/r8s/.m2/repository/p2/osgi/bundle/org.eclipse.equinox.servletbridge/1.3.0.v20140430-1556/org.eclipse.equinox.servletbridge-1.3.0.v20140430-1556.jar,reference:file:C:/Users/r8s/.m2/repository/p2/osgi/bundle/org.eclipse.help/3.6.0.v20130326-1254/org.eclipse.help-3.6.0.v20130326-1254.jar,reference:file:C:/Users/r8s/workspace/ice/src/org.eclipse.ice.analysistool/target/org.eclipse.ice.analysistool-2.0.0.jar,reference:file:C:/Users/r8s/workspace/ice/src/org.eclipse.ice.datastructures/target/org.eclipse.ice.datastructures-2.0.0.jar,reference:file:C:/Users/r8s/workspace/ice/src/org.eclipse.ice.client/target/org.eclipse.ice.client-2.0.0.jar,reference:file:C:/Users/r8s/workspace/ice/src/org.eclipse.ice.client.compatibility/target/org.eclipse.ice.client.compatibility-2.0.0.jar,reference:file:C:/Users/r8s/workspace/ice/src/org.eclipse.ice.core/target/org.eclipse.ice.core-2.0.0.jar,reference:file:C:/Users/r8s/workspace/ice/src/org.eclipse.ice.item/target/org.eclipse.ice.item-2.0.0.jar,reference:file:C:/Users/r8s/.m2/repository/p2/osgi/bundle/org.slf4j.api/1.7.2.v20121108-1250/org.slf4j.api-1.7.2.v20121108-1250.jar,reference:file:C:/Users/r8s/.m2/repository/p2/osgi/bundle/org.eclipse.swt.gtk.linux.x86/3.104.0.v20150528-0211/org.eclipse.swt.gtk.linux.x86-3.104.0.v20150528-0211.jar,reference:file:C:/Users/r8s/.m2/repository/p2/osgi/bundle/org.eclipse.ui.workbench/3.107.0.v20150510-1732/org.eclipse.ui.workbench-3.107.0.v20150510-1732.jar,reference:file:C:/Users/r8s/.m2/repository/p2/osgi/bundle/org.eclipse.ui.console/3.6.0.v20150512-1341/org.eclipse.ui.console-3.6.0.v20150512-1341.jar,reference:file:C:/Users/r8s/.m2/repository/p2/osgi/bundle/org.eclipse.ui.views.properties.tabbed/3.6.100.v20150423-0822/org.eclipse.ui.views.properties.tabbed-3.6.100.v20150423-0822.jar,reference:file:C:/Users/r8s/workspace/ice/src/org.eclipse.ice.client.widgets/target/org.eclipse.ice.client.widgets-2.0.0.jar,reference:file:C:/Users/r8s/.m2/repository/p2/osgi/bundle/org.eclipse.nebula.widgets.nattable.core/1.3.0.201503261201/org.eclipse.nebula.widgets.nattable.core-1.3.0.201503261201.jar,reference:file:C:/Users/r8s/.m2/repository/p2/osgi/bundle/org.eclipse.nebula.widgets.nattable.extension.glazedlists/1.3.0.201503261201/org.eclipse.nebula.widgets.nattable.extension.glazedlists-1.3.0.201503261201.jar,reference:file:C:/Users/r8s/.m2/repository/p2/osgi/bundle/org.eclipse.remote.ui/2.0.0.201506061609/org.eclipse.remote.ui-2.0.0.201506061609.jar,reference:file:C:/Users/r8s/workspace/org.eclipse.ice.dependencies/target/org.eclipse.ice.dependencies-2.0.0.jar,reference:file:C:/Users/r8s/.m2/repository/p2/osgi/bundle/org.apache.commons.io/2.2.0.v201405211200/org.apache.commons.io-2.2.0.v201405211200.jar,reference:file:C:/Users/r8s/workspace/ice/src/org.eclipse.ice.client.widgets.rcp/target/org.eclipse.ice.client.widgets.rcp-2.0.0.jar,reference:file:C:/Users/r8s/workspace/ice/src/org.eclipse.ice.reactor/target/org.eclipse.ice.reactor-2.0.0.jar,reference:file:C:/Users/r8s/workspace/ice/src/org.eclipse.ice.viz.service/target/org.eclipse.ice.viz.service-2.0.0.jar,reference:file:C:/Users/r8s/workspace/ice/src/org.eclipse.ice.viz.service.geometry/target/org.eclipse.ice.viz.service.geometry-2.0.0.jar,reference:file:C:/Users/r8s/.m2/repository/p2/osgi/bundle/org.eclipse.remote.core/2.0.0.201506061609/org.eclipse.remote.core-2.0.0.201506061609.jar,reference:file:C:/Users/r8s/workspace/ice/src/org.eclipse.ice.reactor.plant/target/org.eclipse.ice.reactor.plant-2.0.0.jar,reference:file:C:/Users/r8s/workspace/ice/tests/org.eclipse.ice.client.widgets.test.utils/target/org.eclipse.ice.client.widgets.test.utils-2.0.0.jar,reference:file:C:/Users/r8s/.m2/repository/p2/osgi/bundle/org.eclipse.swtbot.eclipse.core/2.3.0.201506081302/org.eclipse.swtbot.eclipse.core-2.3.0.201506081302.jar,reference:file:C:/Users/r8s/.m2/repository/p2/osgi/bundle/org.eclipse.swtbot.go/2.3.0.201506081302/org.eclipse.swtbot.go-2.3.0.201506081302.jar,reference:file:C:/Users/r8s/.m2/repository/p2/osgi/bundle/org.apache.commons.codec/1.6.0.v201305230611/org.apache.commons.codec-1.6.0.v201305230611.jar,reference:file:C:/Users/r8s/.m2/repository/p2/osgi/bundle/org.eclipse.xsd/2.11.0.v20150601-0402/org.eclipse.xsd-2.11.0.v20150601-0402.jar,reference:file:C:/Users/r8s/workspace/ice/src/org.eclipse.ice.io/target/org.eclipse.ice.io-1.0.0.jar,reference:file:C:/Users/r8s/workspace/ice/src/org.eclipse.ice.materials/target/org.eclipse.ice.materials-2.0.0.jar,reference:file:C:/Users/r8s/.m2/repository/p2/osgi/bundle/org.eclipse.remote.jsch.core/1.0.0.201506061609/org.eclipse.remote.jsch.core-1.0.0.201506061609.jar,reference:file:C:/Users/r8s/.m2/repository/p2/osgi/bundle/org.eclipse.nebula.visualization.widgets/1.0.0.201409040043/org.eclipse.nebula.visualization.widgets-1.0.0.201409040043.jar,reference:file:C:/Users/r8s/.m2/repository/p2/osgi/bundle/org.eclipse.nebula.visualization.xygraph/1.0.0.201409040043/org.eclipse.nebula.visualization.xygraph-1.0.0.201409040043.jar,reference:file:C:/Users/r8s/.m2/repository/p2/osgi/bundle/org.apache.commons.math/2.1.0.v201105210652/org.apache.commons.math-2.1.0.v201105210652.jar,reference:file:C:/Users/r8s/.m2/repository/ICE/org.eclipse.ice.viz.service.jme3/2.0.0/org.eclipse.ice.viz.service.jme3-2.0.0.jar,reference:file:C:/Users/r8s/workspace/ice/tests/org.eclipse.ice.viz.service.geometry.test,reference:file:C:/Users/r8s/.m2/repository/p2/osgi/bundle/org.junit/4.12.0.v201504281640/org.junit-4.12.0.v201504281640.jar,reference:file:C:/Users/r8s/.m2/repository/p2/osgi/bundle/org.eclipse.swtbot.swt.finder/2.3.0.201506081302/org.eclipse.swtbot.swt.finder-2.3.0.201506081302.jar,reference:file:C:/Users/r8s/.m2/repository/p2/osgi/bundle/org.apache.log4j/1.2.15.v201012070815/org.apache.log4j-1.2.15.v201012070815.jar,reference:file:C:/Users/r8s/.m2/repository/p2/osgi/bundle/org.eclipse.jdt.junit.runtime/3.4.500.v20140527-1138/org.eclipse.jdt.junit.runtime-3.4.500.v20140527-1138.jar,reference:file:C:/Users/r8s/.m2/repository/p2/osgi/bundle/org.eclipse.jetty.io/9.2.9.v20150224/org.eclipse.jetty.io-9.2.9.v20150224.jar,reference:file:C:/Users/r8s/.m2/repository/p2/osgi/bundle/org.eclipse.jetty.security/9.2.9.v20150224/org.eclipse.jetty.security-9.2.9.v20150224.jar,reference:file:C:/Users/r8s/.m2/repository/p2/osgi/bundle/org.eclipse.jsch.core/1.2.0.v20141202-1415/org.eclipse.jsch.core-1.2.0.v20141202-1415.jar,reference:file:C:/Users/r8s/.m2/repository/p2/osgi/bundle/org.eclipse.ltk.core.refactoring/3.6.200.v20140826-0859/org.eclipse.ltk.core.refactoring-3.6.200.v20140826-0859.jar,reference:file:C:/Users/r8s/.m2/repository/p2/osgi/bundle/org.eclipse.ltk.ui.refactoring/3.7.200.v20140625-1835/org.eclipse.ltk.ui.refactoring-3.7.200.v20140625-1835.jar,reference:file:C:/Users/r8s/.m2/repository/p2/osgi/bundle/org.eclipse.ui.navigator/3.6.0.v20150422-0725/org.eclipse.ui.navigator-3.6.0.v20150422-0725.jar,reference:file:C:/Users/r8s/.m2/repository/p2/osgi/bundle/org.eclipse.team.core/3.7.100.v20150203-1452/org.eclipse.team.core-3.7.100.v20150203-1452.jar,reference:file:C:/Users/r8s/.m2/repository/p2/osgi/bundle/org.eclipse.team.ui/3.7.200.v20150203-1452/org.eclipse.team.ui-3.7.200.v20150203-1452.jar,reference:file:C:/Users/r8s/.m2/repository/p2/osgi/bundle/org.eclipse.ui.trace/1.0.300.v20150220-1252/org.eclipse.ui.trace-1.0.300.v20150220-1252.jar,reference:file:C:/Users/r8s/.m2/repository/p2/osgi/bundle/org.eclipse.swtbot.eclipse.finder/2.3.0.201506081302/org.eclipse.swtbot.eclipse.finder-2.3.0.201506081302.jar,reference:file:C:/Users/r8s/.m2/repository/p2/osgi/bundle/org.hamcrest.core/1.3.0.v201303031735/org.hamcrest.core-1.3.0.v201303031735.jar,reference:file:C:/Users/r8s/.m2/repository/p2/osgi/bundle/org.hamcrest.library/1.3.0.v201305281000/org.hamcrest.library-1.3.0.v201305281000.jar,reference:file:C:/Users/r8s/.m2/repository/p2/osgi/bundle/org.eclipse.swtbot.junit4_x/2.3.0.201506081302/org.eclipse.swtbot.junit4_x-2.3.0.201506081302.jar,reference:file:C:/Users/r8s/.m2/repository/p2/osgi/bundle/org.eclipse.ui.ide.application/1.1.0.v20150422-0725/org.eclipse.ui.ide.application-1.1.0.v20150422-0725.jar,reference:file:C:/Users/r8s/.m2/repository/p2/osgi/bundle/org.eclipse.ui.navigator.resources/3.5.0.v20150422-0725/org.eclipse.ui.navigator.resources-3.5.0.v20150422-0725.jar,reference:file:C:/Users/r8s/.m2/repository/p2/osgi/bundle/org.eclipse.equinox.launcher/1.3.100.v20150511-1540/org.eclipse.equinox.launcher-1.3.100.v20150511-1540.jar,reference:file:C:/Users/r8s/.m2/repository/p2/osgi/bundle/org.eclipse.swt.gtk.linux.x86_64/3.104.0.v20150528-0211/org.eclipse.swt.gtk.linux.x86_64-3.104.0.v20150528-0211.jar,reference:file:C:/Users/r8s/.m2/repository/p2/osgi/bundle/org.eclipse.swt.win32.win32.x86/3.104.0.v20150528-0211/org.eclipse.swt.win32.win32.x86-3.104.0.v20150528-0211.jar,reference:file:C:/Users/r8s/.m2/repository/p2/osgi/bundle/org.eclipse.swt.win32.win32.x86_64/3.104.0.v20150528-0211/org.eclipse.swt.win32.win32.x86_64-3.104.0.v20150528-0211.jar,reference:file:C:/Users/r8s/.m2/repository/p2/osgi/bundle/org.eclipse.swt.cocoa.macosx.x86_64/3.104.0.v20150528-0211/org.eclipse.swt.cocoa.macosx.x86_64-3.104.0.v20150528-0211.jar,reference:file:C:/Users/r8s/.m2/repository/org/eclipse/tycho/org.eclipse.tycho.surefire.osgibooter/0.23.0/org.eclipse.tycho.surefire.osgibooter-0.23.0.jar,reference:file:C:/Users/r8s/.m2/repository/org/eclipse/tycho/org.eclipse.tycho.surefire.junit4/0.23.0/org.eclipse.tycho.surefire.junit4-0.23.0.jar"/>
    <property name="java.endorsed.dirs" value="C:\Program Files\Java\jdk1.8.0_45\jre\lib\endorsed"/>
    <property name="osgi.tracefile" value="C:\Users\r8s\workspace\ice\tests\org.eclipse.ice.viz.service.geometry.test\target\work\data\.metadata\trace.log"/>
    <property name="sun.cpu.isalist" value="amd64"/>
    <property name="sun.jnu.encoding" value="Cp1252"/>
    <property name="eclipse.application" value="org.eclipse.tycho.surefire.osgibooter.uitest"/>
    <property name="file.encoding.pkg" value="sun.io"/>
    <property name="org.osgi.framework.vendor" value="Eclipse"/>
    <property name="file.separator" value="\"/>
    <property name="java.specification.name" value="Java Platform API Specification"/>
    <property name="osgi.checkConfiguration" value="true"/>
    <property name="java.class.version" value="52.0"/>
    <property name="user.country" value="US"/>
    <property name="osgi.configuration.cascaded" value="false"/>
    <property name="java.home" value="C:\Program Files\Java\jdk1.8.0_45\jre"/>
    <property name="osgi.os" value="win32"/>
    <property name="eclipse.commands" value="-data&#10;C:\Users\r8s\workspace\ice\tests\org.eclipse.ice.viz.service.geometry.test\target\work\data&#10;-install&#10;C:\Users\r8s\workspace\ice\tests\org.eclipse.ice.viz.service.geometry.test\target\work&#10;-configuration&#10;C:\Users\r8s\workspace\ice\tests\org.eclipse.ice.viz.service.geometry.test\target\work\configuration&#10;-application&#10;org.eclipse.tycho.surefire.osgibooter.uitest&#10;-testproperties&#10;C:\Users\r8s\workspace\ice\tests\org.eclipse.ice.viz.service.geometry.test\target\surefire.properties&#10;-testApplication&#10;org.eclipse.ui.ide.workbench&#10;-product&#10;org.eclipse.sdk.ide&#10;-nouithread&#10;"/>
    <property name="java.vm.info" value="mixed mode"/>
    <property name="os.version" value="6.1"/>
    <property name="osgi.arch" value="x86_64"/>
    <property name="path.separator" value=";"/>
    <property name="java.vm.version" value="25.45-b02"/>
    <property name="org.osgi.supports.framework.fragment" value="true"/>
    <property name="user.variant" value=""/>
    <property name="osgi.framework.shape" value="jar"/>
    <property name="java.awt.printerjob" value="sun.awt.windows.WPrinterJob"/>
    <property name="sun.io.unicode.encoding" value="UnicodeLittle"/>
    <property name="org.osgi.framework.version" value="1.8.0"/>
    <property name="awt.toolkit" value="sun.awt.windows.WToolkit"/>
    <property name="user.script" value=""/>
    <property name="eclipse.stateSaveDelayInterval" value="30000"/>
    <property name="osgi.dev" value="file:/C:/Users/r8s/workspace/ice/tests/org.eclipse.ice.viz.service.geometry.test/target/work/dev.properties"/>
    <property name="osgi.install.area" value="file:/C:/Users/r8s/workspace/ice/tests/org.eclipse.ice.viz.service.geometry.test/target/work/"/>
    <property name="osgi.framework" value="file:/C:/Users/r8s/.m2/repository/p2/osgi/bundle/org.eclipse.osgi/3.10.100.v20150529-1857/org.eclipse.osgi-3.10.100.v20150529-1857.jar"/>
    <property name="user.home" value="C:\Users\r8s"/>
    <property name="osgi.framework.useSystemProperties" value="true"/>
    <property name="java.specification.vendor" value="Oracle Corporation"/>
    <property name="osgi.nl" value="en_US"/>
    <property name="java.library.path" value="C:\Program Files\Java\jdk1.8.0_45\jre\bin;C:\windows\Sun\Java\bin;C:\windows\system32;C:\windows;C:/Program Files/Java/jre1.8.0_45/bin/server;C:/Program Files/Java/jre1.8.0_45/bin;C:/Program Files/Java/jre1.8.0_45/lib/amd64;C:\ProgramData\Oracle\Java\javapath;C:\Program Files\Microsoft HPC Pack 2008 R2\Bin\;C:\Program Files\Common Files\Microsoft Shared\Windows Live;C:\Program Files (x86)\Common Files\Microsoft Shared\Windows Live;C:\windows\system32;C:\windows;C:\windows\System32\Wbem;C:\windows\System32\WindowsPowerShell\v1.0\;C:\windows\System32\WindowsPowerShell\v1.0\;C:\Program Files (x86)\Common Files\Acronis\SnapAPI\;C:\Program Files (x86)\Windows Live\Shared;c:\cygwin64\bin;C:\Program Files (x86)\MiKTeX 2.9\miktex\bin\;C:\Program Files\Java\jdk1.7.0_51\bin;C:\windows\System32\WindowsPowerShell\v1.0\;C:\windows\System32\WindowsPowerShell\v1.0\;C:\Program Files\HDF_Group\HDFView\2.11.0\lib;C:\Program Files\HDF_Group\HDFView\2.11.0\bin;C:\Users\r8s\AppData\Local\Programs\LLNL\VisIt 2.9.1;h&amp;#8;Ö&amp;#1;Ä;C:\Users\r8s\Desktop\eclipse;;."/>
    <property name="java.vendor.url" value="http://java.oracle.com/"/>
    <property name="osgi.bundlefile.limit" value="100"/>
    <property name="eclipse.startTime" value="1438269703471"/>
    <property name="org.osgi.framework.os.version" value="6.1.0"/>
    <property name="java.vm.vendor" value="Oracle Corporation"/>
    <property name="java.runtime.name" value="Java(TM) SE Runtime Environment"/>
    <property name="java.class.path" value="C:\Users\r8s\.m2\repository\p2\osgi\bundle\org.eclipse.equinox.launcher\1.3.100.v20150511-1540\org.eclipse.equinox.launcher-1.3.100.v20150511-1540.jar"/>
    <property name="sun.java.command" value="C:\Users\r8s\.m2\repository\p2\osgi\bundle\org.eclipse.equinox.launcher\1.3.100.v20150511-1540\org.eclipse.equinox.launcher-1.3.100.v20150511-1540.jar -data C:\Users\r8s\workspace\ice\tests\org.eclipse.ice.viz.service.geometry.test\target\work\data -install C:\Users\r8s\workspace\ice\tests\org.eclipse.ice.viz.service.geometry.test\target\work -configuration C:\Users\r8s\workspace\ice\tests\org.eclipse.ice.viz.service.geometry.test\target\work\configuration -application org.eclipse.tycho.surefire.osgibooter.uitest -testproperties C:\Users\r8s\workspace\ice\tests\org.eclipse.ice.viz.service.geometry.test\target\surefire.properties -testApplication org.eclipse.ui.ide.workbench -product org.eclipse.sdk.ide -nouithread"/>
    <property name="java.vm.specification.name" value="Java Virtual Machine Specification"/>
    <property name="java.vm.specification.version" value="1.8"/>
    <property name="sun.os.patch.level" value="Service Pack 1"/>
    <property name="sun.cpu.endian" value="little"/>
    <property name="gosh.args" value="--nointeractive"/>
    <property name="java.io.tmpdir" value="C:\Users\r8s\AppData\Local\Temp\"/>
    <property name="java.vendor.url.bug" value="http://bugreport.sun.com/bugreport/"/>
    <property name="applicationXMI" value="org.eclipse.ui.workbench/LegacyIDE.e4xmi"/>
    <property name="eclipse.product" value="org.eclipse.sdk.ide"/>
    <property name="eclipse.home.location" value="file:/C:/Users/r8s/workspace/ice/tests/org.eclipse.ice.viz.service.geometry.test/target/work/"/>
    <property name="java.awt.graphicsenv" value="sun.awt.Win32GraphicsEnvironment"/>
    <property name="os.arch" value="amd64"/>
    <property name="java.ext.dirs" value="C:\Program Files\Java\jdk1.8.0_45\jre\lib\ext;C:\windows\Sun\Java\lib\ext"/>
    <property name="user.dir" value="C:\Users\r8s\workspace\ice\tests\org.eclipse.ice.viz.service.geometry.test"/>
    <property name="org.osgi.supports.framework.requirebundle" value="true"/>
    <property name="osgi.clean" value="true"/>
    <property name="line.separator" value="&#10;"/>
    <property name="java.vm.name" value="Java HotSpot(TM) 64-Bit Server VM"/>
    <property name="file.encoding" value="Cp1252"/>
    <property name="java.specification.version" value="1.8"/>
    <property name="org.osgi.framework.executionenvironment" value="OSGi/Minimum-1.0,OSGi/Minimum-1.1,OSGi/Minimum-1.2,JavaSE/compact1-1.8,JavaSE/compact2-1.8,JavaSE/compact3-1.8,JRE-1.1,J2SE-1.2,J2SE-1.3,J2SE-1.4,J2SE-1.5,JavaSE-1.6,JavaSE-1.7,JavaSE-1.8"/>
    <property name="osgi.configuration.area" value="file:/C:/Users/r8s/workspace/ice/tests/org.eclipse.ice.viz.service.geometry.test/target/work/configuration/"/>
    <property name="osgi.logfile" value="C:\Users\r8s\workspace\ice\tests\org.eclipse.ice.viz.service.geometry.test\target\work\data\.metadata\.log"/>
  </properties>
  <testcase name="checkLoadingFromXML" classname="org.eclipse.ice.viz.service.geometry.shapes.test.PrimitiveShapeTester" time="0.012"/>
  <testcase name="checkEquality" classname="org.eclipse.ice.viz.service.geometry.shapes.test.PrimitiveShapeTester" time="0"/>
  <testcase name="checkVisitation" classname="org.eclipse.ice.viz.service.geometry.shapes.test.PrimitiveShapeTester" time="0"/>
  <testcase name="checkCreation" classname="org.eclipse.ice.viz.service.geometry.shapes.test.PrimitiveShapeTester" time="0"/>
  <testcase name="checkShapeType" classname="org.eclipse.ice.viz.service.geometry.shapes.test.PrimitiveShapeTester" time="0"/>
  <testcase name="checkUpdate" classname="org.eclipse.ice.viz.service.geometry.shapes.test.PrimitiveShapeTester" time="0.001"/>
  <testcase name="checkCopying" classname="org.eclipse.ice.viz.service.geometry.shapes.test.PrimitiveShapeTester" time="0"/>
  <testcase name="checkNotifications" classname="org.eclipse.ice.viz.service.geometry.shapes.test.PrimitiveShapeTester" time="0.25"/>
</testsuite>